<?xml version="1.0" encoding="UTF-8"?>
<!-- Generated by org.testng.reporters.JUnitReportReporter -->
<testsuite hostname="LAPTOP-65R4DKN8" failures="0" tests="4" name="api.test.UserTests2UsingPropertiesFile" time="7.227" errors="0" timestamp="2024-06-18T17:38:06 IST" skipped="0">
  <testcase classname="api.test.UserTests2UsingPropertiesFile" name="testPostUser" time="2.721"/>
  <testcase classname="api.test.UserTests2UsingPropertiesFile" name="testGetUser" time="1.137"/>
  <testcase classname="api.test.UserTests2UsingPropertiesFile" name="testUpdateUserByName" time="2.273"/>
  <testcase classname="api.test.UserTests2UsingPropertiesFile" name="testDeleteUserByName" time="1.096"/>
</testsuite> <!-- api.test.UserTests2UsingPropertiesFile -->
