<?xml version="1.0" encoding="UTF-8"?>
<!-- Generated by org.testng.reporters.JUnitReportReporter -->
<testsuite hostname="LAPTOP-65R4DKN8" failures="0" tests="6" name="api.test.DDTests" time="8.597" errors="0" timestamp="2024-06-07T11:47:39 IST" skipped="0">
  <testcase classname="api.test.DDTests" name="testPostuser" time="1.199"/>
  <testcase classname="api.test.DDTests" name="testPostuser" time="2.723"/>
  <testcase classname="api.test.DDTests" name="testPostuser" time="1.188"/>
  <testcase classname="api.test.DDTests" name="testDeleteUserByName" time="1.171"/>
  <testcase classname="api.test.DDTests" name="testDeleteUserByName" time="1.157"/>
  <testcase classname="api.test.DDTests" name="testDeleteUserByName" time="1.159"/>
</testsuite> <!-- api.test.DDTests -->
