<?xml version="1.0" encoding="UTF-8"?>
<!-- Generated by org.testng.reporters.JUnitReportReporter -->
<testsuite hostname="LAPTOP-65R4DKN8" failures="0" tests="4" name="api.test.UserTests" time="7.025" errors="0" timestamp="2024-06-17T08:53:15 IST" skipped="0">
  <testcase classname="api.test.UserTests" name="testPostUser" time="2.553"/>
  <testcase classname="api.test.UserTests" name="testGetUser" time="1.079"/>
  <testcase classname="api.test.UserTests" name="testUpdateUserByName" time="2.225"/>
  <testcase classname="api.test.UserTests" name="testDeleteUserByName" time="1.168"/>
</testsuite> <!-- api.test.UserTests -->
