<?xml version="1.0" encoding="UTF-8"?>
<!-- Generated by org.testng.reporters.JUnitReportReporter -->
<testsuite hostname="LAPTOP-65R4DKN8" failures="0" tests="6" name="api.test.DDTests" time="9.279" errors="0" timestamp="2024-06-19T10:06:12 IST" skipped="0">
  <testcase classname="api.test.DDTests" name="testPostuser" time="2.924"/>
  <testcase classname="api.test.DDTests" name="testPostuser" time="1.195"/>
  <testcase classname="api.test.DDTests" name="testPostuser" time="1.234"/>
  <testcase classname="api.test.DDTests" name="testDeleteUserByName" time="1.256"/>
  <testcase classname="api.test.DDTests" name="testDeleteUserByName" time="1.235"/>
  <testcase classname="api.test.DDTests" name="testDeleteUserByName" time="1.435"/>
</testsuite> <!-- api.test.DDTests -->
