<?xml version="1.0" encoding="UTF-8"?>
<!-- Generated by org.testng.reporters.JUnitReportReporter -->
<testsuite hostname="LAPTOP-65R4DKN8" failures="0" tests="4" name="api.test.UserTests" time="6.414" errors="0" timestamp="2024-06-19T10:06:12 IST" skipped="0">
  <testcase classname="api.test.UserTests" name="testPostUser" time="1.464"/>
  <testcase classname="api.test.UserTests" name="testGetUser" time="1.256"/>
  <testcase classname="api.test.UserTests" name="testUpdateUserByName" time="2.559"/>
  <testcase classname="api.test.UserTests" name="testDeleteUserByName" time="1.135"/>
</testsuite> <!-- api.test.UserTests -->
